# Upload CrimeData.csv

PS D:\OneDrive - mails.tsinghua.edu.cn\Code\GitHub\USC-DSCI-551> git lfs track "./data/crimedata.csv"
Tracking "data/crimedata.csv"
PS D:\OneDrive - mails.tsinghua.edu.cn\Code\GitHub\USC-DSCI-551> git add "./data/crimedata.csv"
PS D:\OneDrive - mails.tsinghua.edu.cn\Code\GitHub\USC-DSCI-551> git commit -m "Add original crime data, retrieved on Apr 13, 2024"
[main 59ad058] Add original crime data, retrieved on Apr 13, 2024
 1 file changed, 3 insertions(+)
 create mode 100644 data/crimedata.csv
PS D:\OneDrive - mails.tsinghua.edu.cn\Code\GitHub\USC-DSCI-551> git push origin main
Uploading LFS objects: 100% (1/1), 236 MB | 11 MB/s, done.
Enumerating objects: 6, done.
Counting objects: 100% (6/6), done.
Delta compression using up to 16 threads
Compressing objects: 100% (4/4), done.
Writing objects: 100% (4/4), 473 bytes | 473.00 KiB/s, done.
Total 4 (delta 1), reused 0 (delta 0), pack-reused 0
remote: Resolving deltas: 100% (1/1), completed with 1 local object.
To https://github.com/wyeeeh/USC-DSCI-551.git
   ae5eb4a..59ad058  main -> main
PS D:\OneDrive - mails.tsinghua.edu.cn\Code\GitHub\USC-DSCI-551>